<?xml version="1.0" encoding="UTF-8"?>
<!-- Generated by org.testng.reporters.JUnitReportReporter -->
<testsuite hostname="Nicoles-MacBook-Pro.local" failures="0" tests="2" name="mavenQuickStart.Mavenjava.SeleniumTest" time="0.002" errors="0" timestamp="2020-11-23T17:05:47 PST" skipped="0">
  <testcase classname="mavenQuickStart.Mavenjava.SeleniumTest" name="BrowserAutomation" time="0.001"/>
  <system-out/>
  <testcase classname="mavenQuickStart.Mavenjava.SeleniumTest" name="Elements" time="0.001"/>
  <system-out/>
</testsuite> <!-- mavenQuickStart.Mavenjava.SeleniumTest -->
