<?xml version="1.0" encoding="UTF-8"?>
<!-- Generated by org.testng.reporters.JUnitReportReporter -->
<testsuite hostname="Nicoles-MacBook-Pro.local" failures="0" tests="2" name="mavenQuickStart.Mavenjava.AppiumTest" time="0.006" errors="0" timestamp="2020-12-08T21:27:45 PST" skipped="0">
  <testcase classname="mavenQuickStart.Mavenjava.AppiumTest" name="IOSApp" time="0.005"/>
  <system-out/>
  <testcase classname="mavenQuickStart.Mavenjava.AppiumTest" name="NativeAppAndroid" time="0.001"/>
  <system-out/>
</testsuite> <!-- mavenQuickStart.Mavenjava.AppiumTest -->
